<?xml version="1.0" encoding="UTF-8"?>
<!-- Generated by org.testng.reporters.JUnitXMLReporter -->
<testsuite ignored="0" hostname="LAPTOP-DA6N606A" failures="2" tests="4" name="Test" time="54.67" errors="0" timestamp="2022-10-01T20:45:04 IST">
  <testcase classname="com.durgasoft.ecommerce.homepage.TC001_CustomerRegistration" name="customerRegistration" time="38.057"/>
  <testcase classname="com.durgasoft.ecommerce.homepage.TC001_CustomerRegistration" name="customerRegistration" time="38.085">
    <failure type="java.lang.NullPointerException" message="Cannot invoke &amp;quot;org.openqa.selenium.TakesScreenshot.getScreenshotAs(org.openqa.selenium.OutputType)&amp;quot; because &amp;quot;this.driver&amp;quot; is null">
      <![CDATA[java.lang.NullPointerException: Cannot invoke "org.openqa.selenium.TakesScreenshot.getScreenshotAs(org.openqa.selenium.OutputType)" because "this.driver" is null
at com.durgasoft.ecommerce.listeners.Listeners.onTestSuccess(Listeners.java:34)
at java.base/java.util.ArrayList.forEach(ArrayList.java:1511)
... Removed 24 stack frames]]>
    </failure>
  </testcase> <!-- customerRegistration -->
  <testcase classname="com.durgasoft.ecommerce.homepage.TC001_CustomerRegistration" name="verifyLogin" time="1.565"/>
  <testcase classname="com.durgasoft.ecommerce.homepage.TC001_CustomerRegistration" name="verifyLogin" time="1.567">
    <failure type="java.lang.NullPointerException" message="Cannot invoke &amp;quot;org.openqa.selenium.TakesScreenshot.getScreenshotAs(org.openqa.selenium.OutputType)&amp;quot; because &amp;quot;this.driver&amp;quot; is null">
      <![CDATA[java.lang.NullPointerException: Cannot invoke "org.openqa.selenium.TakesScreenshot.getScreenshotAs(org.openqa.selenium.OutputType)" because "this.driver" is null
at com.durgasoft.ecommerce.listeners.Listeners.onTestSuccess(Listeners.java:34)
at java.base/java.util.ArrayList.forEach(ArrayList.java:1511)
... Removed 24 stack frames]]>
    </failure>
  </testcase> <!-- verifyLogin -->
</testsuite> <!-- Test -->
